
##查看所有索引

curl 192.168.1.11:9200/_cat/indices?v

## Delete an Index －删除索引

curl -XDELETE 192.168.1.11:9200/dc_index?pretty

```
$ curl 192.168.1.11:9200/_cat/indices?v
health status index uuid pri rep docs.count docs.deleted store.size pri.store.size
```
> 这意味着成功删除了索引

```

##查询数据

curl  -H "Content-Type: application/json" -XGET 192.168.1.11:9200/dc_index/_search?pretty


curl  -H "Content-Type: application/json" -XGET 192.168.1.11:9200/dc_index/_search?pretty -d '
{
    "query": {
        "match": { "AppName": "TEST" }
    }
}'

curl -XGET 192.168.1.11:9200/dc_index/_search?pretty -d '
{
    "query": {
        "match": { "UserId": "2924133" }
    }
}'


curl -H "Content-Type: application/json" -XPUT 192.168.1.11:9200/dc_index/dc_type/2 -d '{
    "AppName" : "test",
    "AppVer"  : "v1.0"
}'